# JRE version: OpenJDK Runtime Environment Microsoft-8297089 (17.0.8.1+1) (build 17.0.8.1+1-LTS)
# Java VM: OpenJDK 64-Bit Server VM Microsoft-8297089 (17.0.8.1+1-LTS, mixed mode, sharing, tiered, compressed oops, compressed class ptrs, g1 gc, windows-amd64)
GC Precious Log:
 CPUs: 4 total, 4 available
 Memory: 7958M
 Large Page Support: Disabled
 NUMA Support: Disabled
 Compressed Oops: Enabled (32-bit)
 Heap Region Size: 1M
 Heap Min Capacity: 8M
 Heap Initial Capacity: 126M
 Heap Max Capacity: 2G
 Pre-touch: Disabled
 Parallel Workers: 4
 Concurrent Workers: 1
 Concurrent Refinement Workers: 4
 Periodic GC: Disabled
Heap:
 garbage-first heap   total 218112K, used 174876K [0x0000000080000000, 0x0000000100000000)
  region size 1024K, 20 young (20480K), 4 survivors (4096K)
 Metaspace       used 100729K, committed 101632K, reserved 557056K
  class space    used 13676K, committed 14144K, reserved 425984K
GC Heap History (20 events):
Event: 170.551 GC heap before
{Heap before GC invocations=39 (full 0):
 garbage-first heap   total 181248K, used 134036K [0x0000000080000000, 0x0000000100000000)
  region size 1024K, 23 young (23552K), 3 survivors (3072K)
 Metaspace       used 86399K, committed 87296K, reserved 557056K
  class space    used 11917K, committed 12352K, reserved 425984K
}
Event: 170.559 GC heap after
{Heap after GC invocations=40 (full 0):
 garbage-first heap   total 181248K, used 120254K [0x0000000080000000, 0x0000000100000000)
  region size 1024K, 3 young (3072K), 3 survivors (3072K)
 Metaspace       used 86399K, committed 87296K, reserved 557056K
  class space    used 11917K, committed 12352K, reserved 425984K
}
Event: 170.778 GC heap before
{Heap before GC invocations=40 (full 0):
 garbage-first heap   total 181248K, used 124350K [0x0000000080000000, 0x0000000100000000)
  region size 1024K, 8 young (8192K), 3 survivors (3072K)
 Metaspace       used 87032K, committed 87872K, reserved 557056K
  class space    used 11992K, committed 12416K, reserved 425984K
}
Event: 170.782 GC heap after
{Heap after GC invocations=41 (full 0):
 garbage-first heap   total 181248K, used 120602K [0x0000000080000000, 0x0000000100000000)
  region size 1024K, 1 young (1024K), 1 survivors (1024K)
 Metaspace       used 87032K, committed 87872K, reserved 557056K
  class space    used 11992K, committed 12416K, reserved 425984K
}
Event: 172.690 GC heap before
{Heap before GC invocations=41 (full 0):
 garbage-first heap   total 181248K, used 148250K [0x0000000080000000, 0x0000000100000000)
  region size 1024K, 28 young (28672K), 1 survivors (1024K)
 Metaspace       used 89016K, committed 89920K, reserved 557056K
  class space    used 12243K, committed 12672K, reserved 425984K
}
Event: 172.699 GC heap after
{Heap after GC invocations=42 (full 0):
 garbage-first heap   total 218112K, used 123680K [0x0000000080000000, 0x0000000100000000)
  region size 1024K, 4 young (4096K), 4 survivors (4096K)
 Metaspace       used 89016K, committed 89920K, reserved 557056K
  class space    used 12243K, committed 12672K, reserved 425984K
}
Event: 177.419 GC heap before
{Heap before GC invocations=42 (full 0):
 garbage-first heap   total 218112K, used 176928K [0x0000000080000000, 0x0000000100000000)
  region size 1024K, 55 young (56320K), 4 survivors (4096K)
 Metaspace       used 90385K, committed 91264K, reserved 557056K
  class space    used 12410K, committed 12800K, reserved 425984K
}
Event: 177.431 GC heap after
{Heap after GC invocations=43 (full 0):
 garbage-first heap   total 218112K, used 134898K [0x0000000080000000, 0x0000000100000000)
  region size 1024K, 7 young (7168K), 7 survivors (7168K)
 Metaspace       used 90385K, committed 91264K, reserved 557056K
  class space    used 12410K, committed 12800K, reserved 425984K
}
Event: 180.605 GC heap before
{Heap before GC invocations=43 (full 0):
 garbage-first heap   total 218112K, used 175858K [0x0000000080000000, 0x0000000100000000)
  region size 1024K, 47 young (48128K), 7 survivors (7168K)
 Metaspace       used 94526K, committed 95424K, reserved 557056K
  class space    used 12998K, committed 13440K, reserved 425984K
}
Event: 180.618 GC heap after
{Heap after GC invocations=44 (full 0):
 garbage-first heap   total 218112K, used 139716K [0x0000000080000000, 0x0000000100000000)
  region size 1024K, 5 young (5120K), 5 survivors (5120K)
 Metaspace       used 94526K, committed 95424K, reserved 557056K
  class space    used 12998K, committed 13440K, reserved 425984K
}
Event: 182.860 GC heap before
{Heap before GC invocations=44 (full 0):
 garbage-first heap   total 218112K, used 177604K [0x0000000080000000, 0x0000000100000000)
  region size 1024K, 42 young (43008K), 5 survivors (5120K)
 Metaspace       used 95553K, committed 96448K, reserved 557056K
  class space    used 13117K, committed 13568K, reserved 425984K
}
Event: 182.873 GC heap after
{Heap after GC invocations=45 (full 0):
 garbage-first heap   total 218112K, used 145408K [0x0000000080000000, 0x0000000100000000)
  region size 1024K, 6 young (6144K), 6 survivors (6144K)
 Metaspace       used 95553K, committed 96448K, reserved 557056K
  class space    used 13117K, committed 13568K, reserved 425984K
}
Event: 184.160 GC heap before
{Heap before GC invocations=45 (full 0):
 garbage-first heap   total 218112K, used 179200K [0x0000000080000000, 0x0000000100000000)
  region size 1024K, 39 young (39936K), 6 survivors (6144K)
 Metaspace       used 97318K, committed 98240K, reserved 557056K
  class space    used 13337K, committed 13760K, reserved 425984K
}
Event: 184.182 GC heap after
{Heap after GC invocations=46 (full 0):
 garbage-first heap   total 218112K, used 149522K [0x0000000080000000, 0x0000000100000000)
  region size 1024K, 5 young (5120K), 5 survivors (5120K)
 Metaspace       used 97318K, committed 98240K, reserved 557056K
  class space    used 13337K, committed 13760K, reserved 425984K
}
Event: 185.859 GC heap before
{Heap before GC invocations=46 (full 0):
 garbage-first heap   total 218112K, used 179218K [0x0000000080000000, 0x0000000100000000)
  region size 1024K, 35 young (35840K), 5 survivors (5120K)
 Metaspace       used 99713K, committed 100672K, reserved 557056K
  class space    used 13566K, committed 14080K, reserved 425984K
}
Event: 185.876 GC heap after
{Heap after GC invocations=47 (full 0):
 garbage-first heap   total 218112K, used 155141K [0x0000000080000000, 0x0000000100000000)
  region size 1024K, 5 young (5120K), 5 survivors (5120K)
 Metaspace       used 99713K, committed 100672K, reserved 557056K
  class space    used 13566K, committed 14080K, reserved 425984K
}
Event: 187.403 GC heap before
{Heap before GC invocations=47 (full 0):
 garbage-first heap   total 218112K, used 180741K [0x0000000080000000, 0x0000000100000000)
  region size 1024K, 31 young (31744K), 5 survivors (5120K)
 Metaspace       used 99999K, committed 100992K, reserved 557056K
  class space    used 13572K, committed 14080K, reserved 425984K
}
Event: 187.413 GC heap after
{Heap after GC invocations=48 (full 0):
 garbage-first heap   total 218112K, used 158044K [0x0000000080000000, 0x0000000100000000)
  region size 1024K, 3 young (3072K), 3 survivors (3072K)
 Metaspace       used 99999K, committed 100992K, reserved 557056K
  class space    used 13572K, committed 14080K, reserved 425984K
}
Event: 189.247 GC heap before
{Heap before GC invocations=48 (full 0):
 garbage-first heap   total 218112K, used 182620K [0x0000000080000000, 0x0000000100000000)
  region size 1024K, 28 young (28672K), 3 survivors (3072K)
 Metaspace       used 100647K, committed 101568K, reserved 557056K
  class space    used 13676K, committed 14144K, reserved 425984K
}
Event: 189.253 GC heap after
{Heap after GC invocations=49 (full 0):
 garbage-first heap   total 218112K, used 159516K [0x0000000080000000, 0x0000000100000000)
  region size 1024K, 4 young (4096K), 4 survivors (4096K)
 Metaspace       used 100647K, committed 101568K, reserved 557056K
  class space    used 13676K, committed 14144K, reserved 425984K
}

